[ 2017-10-29T10:01:38+08:00 ] ::1 /19thCourse/index.php
INFO: [ app_init ] --START--
INFO: Run Behavior\BuildLiteBehavior [ RunTime:0.000040s ]
INFO: [ app_init ] --END-- [ RunTime:0.000951s ]
INFO: [ app_begin ] --START--
INFO: Run Behavior\ReadHtmlCacheBehavior [ RunTime:0.003852s ]
INFO: [ app_begin ] --END-- [ RunTime:0.004020s ]
SQL: SHOW COLUMNS FROM `users` [ RunTime:0.0017s ]
SQL: SELECT COUNT(*) AS tp_count FROM `users` WHERE `openid` = 'ouRCyjhdsj8RQofIOPHc7nX9hA983' LIMIT 1   [ RunTime:0.0006s ]
SQL: SHOW COLUMNS FROM `user_current_question` [ RunTime:0.0012s ]
SQL: SELECT * FROM `user_current_question` WHERE `openid` = 'ouRCyjhdsj8RQofIOPHc7nX9hA983' LIMIT 1   [ RunTime:0.0008s ]
INFO: [ view_parse ] --START--
INFO: [ template_filter ] --START--
INFO: Run Behavior\ContentReplaceBehavior [ RunTime:0.000217s ]
INFO: [ template_filter ] --END-- [ RunTime:0.000432s ]
NOTIC: [8] Undefined variable: signature D:\de-DE\wamp\www\19thCourse\Application\Runtime\Cache\Home\2a94b8bda04ff446dcedd42276fc99ee.php 第 345 行.
NOTIC: [8] Undefined variable: signature D:\de-DE\wamp\www\19thCourse\Application\Runtime\Cache\Home\2a94b8bda04ff446dcedd42276fc99ee.php 第 346 行.
NOTIC: [8] Undefined variable: signature D:\de-DE\wamp\www\19thCourse\Application\Runtime\Cache\Home\2a94b8bda04ff446dcedd42276fc99ee.php 第 347 行.
INFO: Run Behavior\ParseTemplateBehavior [ RunTime:0.018826s ]
INFO: [ view_parse ] --END-- [ RunTime:0.019362s ]
INFO: [ view_filter ] --START--
INFO: Run Behavior\WriteHtmlCacheBehavior [ RunTime:0.001130s ]
INFO: [ view_filter ] --END-- [ RunTime:0.001337s ]
INFO: [ app_end ] --START--
INFO: Run Behavior\ShowPageTraceBehavior [ RunTime:0.001833s ]
INFO: [ app_end ] --END-- [ RunTime:0.002060s ]

[ 2017-10-29T10:02:12+08:00 ] ::1 /19thCourse/index.php
INFO: [ app_init ] --START--
INFO: Run Behavior\BuildLiteBehavior [ RunTime:0.000028s ]
INFO: [ app_init ] --END-- [ RunTime:0.000851s ]
INFO: [ app_begin ] --START--
INFO: Run Behavior\ReadHtmlCacheBehavior [ RunTime:0.000667s ]
INFO: [ app_begin ] --END-- [ RunTime:0.000803s ]
SQL: SHOW COLUMNS FROM `users` [ RunTime:0.0007s ]
SQL: SELECT COUNT(*) AS tp_count FROM `users` WHERE `openid` = 'ouRCyjhdsj8RQofIOPHc7nX9hA983' LIMIT 1   [ RunTime:0.0003s ]
SQL: SHOW COLUMNS FROM `user_current_question` [ RunTime:0.0006s ]
SQL: SELECT * FROM `user_current_question` WHERE `openid` = 'ouRCyjhdsj8RQofIOPHc7nX9hA983' LIMIT 1   [ RunTime:0.0003s ]
INFO: [ view_parse ] --START--
INFO: [ template_filter ] --START--
INFO: Run Behavior\ContentReplaceBehavior [ RunTime:0.000235s ]
INFO: [ template_filter ] --END-- [ RunTime:0.000435s ]
NOTIC: [8] Undefined variable: signature D:\de-DE\wamp\www\19thCourse\Application\Runtime\Cache\Home\2a94b8bda04ff446dcedd42276fc99ee.php 第 345 行.
NOTIC: [8] Undefined variable: signature D:\de-DE\wamp\www\19thCourse\Application\Runtime\Cache\Home\2a94b8bda04ff446dcedd42276fc99ee.php 第 346 行.
NOTIC: [8] Undefined variable: signature D:\de-DE\wamp\www\19thCourse\Application\Runtime\Cache\Home\2a94b8bda04ff446dcedd42276fc99ee.php 第 347 行.
INFO: Run Behavior\ParseTemplateBehavior [ RunTime:0.013264s ]
INFO: [ view_parse ] --END-- [ RunTime:0.013422s ]
INFO: [ view_filter ] --START--
INFO: Run Behavior\WriteHtmlCacheBehavior [ RunTime:0.000643s ]
INFO: [ view_filter ] --END-- [ RunTime:0.000819s ]
INFO: [ app_end ] --START--
INFO: Run Behavior\ShowPageTraceBehavior [ RunTime:0.000997s ]
INFO: [ app_end ] --END-- [ RunTime:0.001182s ]

[ 2017-10-29T10:02:53+08:00 ] ::1 /19thCourse/index.php
INFO: [ app_init ] --START--
INFO: Run Behavior\BuildLiteBehavior [ RunTime:0.000026s ]
INFO: [ app_init ] --END-- [ RunTime:0.000477s ]
INFO: [ app_begin ] --START--
INFO: Run Behavior\ReadHtmlCacheBehavior [ RunTime:0.000552s ]
INFO: [ app_begin ] --END-- [ RunTime:0.000677s ]
SQL: SHOW COLUMNS FROM `users` [ RunTime:0.0008s ]
SQL: SELECT COUNT(*) AS tp_count FROM `users` WHERE `openid` = 'ouRCyjhdsj8RQofIOPHc7nX9hA983' LIMIT 1   [ RunTime:0.0004s ]
SQL: SHOW COLUMNS FROM `user_current_question` [ RunTime:0.0006s ]
SQL: SELECT * FROM `user_current_question` WHERE `openid` = 'ouRCyjhdsj8RQofIOPHc7nX9hA983' LIMIT 1   [ RunTime:0.0005s ]
INFO: [ view_parse ] --START--
INFO: [ template_filter ] --START--
INFO: Run Behavior\ContentReplaceBehavior [ RunTime:0.000137s ]
INFO: [ template_filter ] --END-- [ RunTime:0.000263s ]
NOTIC: [8] Undefined variable: signature D:\de-DE\wamp\www\19thCourse\Application\Runtime\Cache\Home\2a94b8bda04ff446dcedd42276fc99ee.php 第 345 行.
NOTIC: [8] Undefined variable: signature D:\de-DE\wamp\www\19thCourse\Application\Runtime\Cache\Home\2a94b8bda04ff446dcedd42276fc99ee.php 第 346 行.
NOTIC: [8] Undefined variable: signature D:\de-DE\wamp\www\19thCourse\Application\Runtime\Cache\Home\2a94b8bda04ff446dcedd42276fc99ee.php 第 347 行.
INFO: Run Behavior\ParseTemplateBehavior [ RunTime:0.011677s ]
INFO: [ view_parse ] --END-- [ RunTime:0.011819s ]
INFO: [ view_filter ] --START--
INFO: Run Behavior\WriteHtmlCacheBehavior [ RunTime:0.000478s ]
INFO: [ view_filter ] --END-- [ RunTime:0.000589s ]
INFO: [ app_end ] --START--
INFO: Run Behavior\ShowPageTraceBehavior [ RunTime:0.000924s ]
INFO: [ app_end ] --END-- [ RunTime:0.001075s ]

[ 2017-10-29T10:02:55+08:00 ] ::1 /19thCourse/index.php/Home/Index/rank
INFO: [ app_init ] --START--
INFO: Run Behavior\BuildLiteBehavior [ RunTime:0.000041s ]
INFO: [ app_init ] --END-- [ RunTime:0.000590s ]
INFO: [ app_begin ] --START--
INFO: Run Behavior\ReadHtmlCacheBehavior [ RunTime:0.000588s ]
INFO: [ app_begin ] --END-- [ RunTime:0.000699s ]
SQL: SHOW COLUMNS FROM `users` [ RunTime:0.0007s ]
SQL: SELECT COUNT(*) AS tp_count FROM `users` WHERE `openid` = 'ouRCyjhdsj8RQofIOPHc7nX9hA983' LIMIT 1   [ RunTime:0.0005s ]
SQL: SELECT * FROM `users` WHERE `openid` = 'ouRCyjhdsj8RQofIOPHc7nX9hA983' LIMIT 1   [ RunTime:0.0004s ]
SQL: select * from (select *, (@rank := @rank + 1)rank from (select openid from users order by score desc, costtime asc)t, (select @rank := 0)a)b WHERE openid='ouRCyjhdsj8RQofIOPHc7nX9hA983' [ RunTime:0.0006s ]

[ 2017-10-29T10:02:55+08:00 ] ::1 /19thCourse/index.php/Home/Index/morerank
INFO: [ app_init ] --START--
INFO: Run Behavior\BuildLiteBehavior [ RunTime:0.000025s ]
INFO: [ app_init ] --END-- [ RunTime:0.000573s ]
INFO: [ app_begin ] --START--
INFO: Run Behavior\ReadHtmlCacheBehavior [ RunTime:0.000931s ]
INFO: [ app_begin ] --END-- [ RunTime:0.001092s ]
SQL: SHOW COLUMNS FROM `users` [ RunTime:0.0017s ]
SQL: SELECT COUNT(*) AS tp_count FROM `users` WHERE `openid` = 'ouRCyjhdsj8RQofIOPHc7nX9hA983' LIMIT 1   [ RunTime:0.0003s ]
SQL: SELECT `nickname`,`imgurl`,`score` FROM `users` ORDER BY score desc, costtime asc LIMIT 0,50   [ RunTime:0.0008s ]

[ 2017-10-29T10:03:16+08:00 ] ::1 /19thCourse/index.php
INFO: [ app_init ] --START--
INFO: Run Behavior\BuildLiteBehavior [ RunTime:0.000026s ]
INFO: [ app_init ] --END-- [ RunTime:0.000439s ]
INFO: [ app_begin ] --START--
INFO: Run Behavior\ReadHtmlCacheBehavior [ RunTime:0.000704s ]
INFO: [ app_begin ] --END-- [ RunTime:0.000866s ]
SQL: SHOW COLUMNS FROM `users` [ RunTime:0.0008s ]
SQL: SELECT COUNT(*) AS tp_count FROM `users` WHERE `openid` = 'ouRCyjhdsj8RQofIOPHc7nX9hA983' LIMIT 1   [ RunTime:0.0004s ]
SQL: SHOW COLUMNS FROM `user_current_question` [ RunTime:0.0006s ]
SQL: SELECT * FROM `user_current_question` WHERE `openid` = 'ouRCyjhdsj8RQofIOPHc7nX9hA983' LIMIT 1   [ RunTime:0.0005s ]
INFO: [ view_parse ] --START--
INFO: [ template_filter ] --START--
INFO: Run Behavior\ContentReplaceBehavior [ RunTime:0.000134s ]
INFO: [ template_filter ] --END-- [ RunTime:0.000256s ]
NOTIC: [8] Undefined variable: signature D:\de-DE\wamp\www\19thCourse\Application\Runtime\Cache\Home\2a94b8bda04ff446dcedd42276fc99ee.php 第 345 行.
NOTIC: [8] Undefined variable: signature D:\de-DE\wamp\www\19thCourse\Application\Runtime\Cache\Home\2a94b8bda04ff446dcedd42276fc99ee.php 第 346 行.
NOTIC: [8] Undefined variable: signature D:\de-DE\wamp\www\19thCourse\Application\Runtime\Cache\Home\2a94b8bda04ff446dcedd42276fc99ee.php 第 347 行.
INFO: Run Behavior\ParseTemplateBehavior [ RunTime:0.011185s ]
INFO: [ view_parse ] --END-- [ RunTime:0.011396s ]
INFO: [ view_filter ] --START--
INFO: Run Behavior\WriteHtmlCacheBehavior [ RunTime:0.000637s ]
INFO: [ view_filter ] --END-- [ RunTime:0.000878s ]
INFO: [ app_end ] --START--
INFO: Run Behavior\ShowPageTraceBehavior [ RunTime:0.001382s ]
INFO: [ app_end ] --END-- [ RunTime:0.001589s ]

[ 2017-10-29T10:03:18+08:00 ] ::1 /19thCourse/index.php/Home/Index/rank
INFO: [ app_init ] --START--
INFO: Run Behavior\BuildLiteBehavior [ RunTime:0.000047s ]
INFO: [ app_init ] --END-- [ RunTime:0.000740s ]
INFO: [ app_begin ] --START--
INFO: Run Behavior\ReadHtmlCacheBehavior [ RunTime:0.000806s ]
INFO: [ app_begin ] --END-- [ RunTime:0.001022s ]
SQL: SHOW COLUMNS FROM `users` [ RunTime:0.0006s ]
SQL: SELECT COUNT(*) AS tp_count FROM `users` WHERE `openid` = 'ouRCyjhdsj8RQofIOPHc7nX9hA983' LIMIT 1   [ RunTime:0.0004s ]
SQL: SELECT * FROM `users` WHERE `openid` = 'ouRCyjhdsj8RQofIOPHc7nX9hA983' LIMIT 1   [ RunTime:0.0004s ]
SQL: select * from (select *, (@rank := @rank + 1)rank from (select openid from users order by score desc, costtime asc)t, (select @rank := 0)a)b WHERE openid='ouRCyjhdsj8RQofIOPHc7nX9hA983' [ RunTime:0.0006s ]

[ 2017-10-29T10:03:18+08:00 ] ::1 /19thCourse/index.php/Home/Index/morerank
INFO: [ app_init ] --START--
INFO: Run Behavior\BuildLiteBehavior [ RunTime:0.000041s ]
INFO: [ app_init ] --END-- [ RunTime:0.000726s ]
INFO: [ app_begin ] --START--
INFO: Run Behavior\ReadHtmlCacheBehavior [ RunTime:0.002231s ]
INFO: [ app_begin ] --END-- [ RunTime:0.002659s ]
SQL: SHOW COLUMNS FROM `users` [ RunTime:0.0008s ]
SQL: SELECT COUNT(*) AS tp_count FROM `users` WHERE `openid` = 'ouRCyjhdsj8RQofIOPHc7nX9hA983' LIMIT 1   [ RunTime:0.0004s ]
SQL: SELECT `nickname`,`imgurl`,`score` FROM `users` ORDER BY score desc, costtime asc LIMIT 0,50   [ RunTime:0.0011s ]

